# JRE version: OpenJDK Runtime Environment (21.0.3) (build 21.0.3+-12282718-b509.11)
# Java VM: OpenJDK 64-Bit Server VM (21.0.3+-12282718-b509.11, mixed mode, tiered, compressed oops, compressed class ptrs, g1 gc, windows-amd64)
GC Precious Log:
 CardTable entry size: 512
 Card Set container configuration: InlinePtr #cards 5 size 8 Array Of Cards #cards 12 size 40 Howl #buckets 4 coarsen threshold 1843 Howl Bitmap #cards 512 size 80 coarsen threshold 460 Card regions per heap region 1 cards per card region 2048
 CPUs: 12 total, 12 available
 Memory: 7916M
 Large Page Support: Disabled
 NUMA Support: Disabled
 Compressed Oops: Enabled (32-bit)
 Heap Region Size: 1M
 Heap Min Capacity: 8M
 Heap Initial Capacity: 124M
 Heap Max Capacity: 2G
 Pre-touch: Disabled
 Parallel Workers: 10
 Concurrent Workers: 3
 Concurrent Refinement Workers: 10
 Periodic GC: Disabled
Heap:
 garbage-first heap   total 348160K, used 170435K [0x0000000080000000, 0x0000000100000000)
  region size 1024K, 2 young (2048K), 2 survivors (2048K)
 Metaspace       used 152403K, committed 154880K, reserved 1245184K
  class space    used 20935K, committed 22144K, reserved 1048576K
GC Heap History (20 events):
Event: 185.817 GC heap after
{Heap after GC invocations=57 (full 0):
 garbage-first heap   total 273408K, used 158629K [0x0000000080000000, 0x0000000100000000)
  region size 1024K, 6 young (6144K), 6 survivors (6144K)
 Metaspace       used 137515K, committed 139904K, reserved 1179648K
  class space    used 18704K, committed 19904K, reserved 1048576K
}
Event: 188.119 GC heap before
{Heap before GC invocations=57 (full 0):
 garbage-first heap   total 273408K, used 250789K [0x0000000080000000, 0x0000000100000000)
  region size 1024K, 97 young (99328K), 6 survivors (6144K)
 Metaspace       used 147233K, committed 149632K, reserved 1179648K
  class space    used 20289K, committed 21440K, reserved 1048576K
}
Event: 188.145 GC heap after
{Heap after GC invocations=58 (full 0):
 garbage-first heap   total 273408K, used 155620K [0x0000000080000000, 0x0000000100000000)
  region size 1024K, 9 young (9216K), 9 survivors (9216K)
 Metaspace       used 147233K, committed 149632K, reserved 1179648K
  class space    used 20289K, committed 21440K, reserved 1048576K
}
Event: 191.856 GC heap before
{Heap before GC invocations=58 (full 0):
 garbage-first heap   total 273408K, used 210916K [0x0000000080000000, 0x0000000100000000)
  region size 1024K, 65 young (66560K), 9 survivors (9216K)
 Metaspace       used 151561K, committed 153984K, reserved 1245184K
  class space    used 20892K, committed 22144K, reserved 1048576K
}
Event: 191.908 GC heap after
{Heap after GC invocations=59 (full 0):
 garbage-first heap   total 273408K, used 156808K [0x0000000080000000, 0x0000000100000000)
  region size 1024K, 7 young (7168K), 7 survivors (7168K)
 Metaspace       used 151561K, committed 153984K, reserved 1245184K
  class space    used 20892K, committed 22144K, reserved 1048576K
}
Event: 381.923 GC heap before
{Heap before GC invocations=60 (full 0):
 garbage-first heap   total 348160K, used 295048K [0x0000000080000000, 0x0000000100000000)
  region size 1024K, 96 young (98304K), 7 survivors (7168K)
 Metaspace       used 150584K, committed 153024K, reserved 1245184K
  class space    used 20902K, committed 22144K, reserved 1048576K
}
Event: 382.206 GC heap after
{Heap after GC invocations=61 (full 0):
 garbage-first heap   total 348160K, used 162382K [0x0000000080000000, 0x0000000100000000)
  region size 1024K, 12 young (12288K), 12 survivors (12288K)
 Metaspace       used 150584K, committed 153024K, reserved 1245184K
  class space    used 20902K, committed 22144K, reserved 1048576K
}
Event: 457.855 GC heap before
{Heap before GC invocations=61 (full 0):
 garbage-first heap   total 348160K, used 317006K [0x0000000080000000, 0x0000000100000000)
  region size 1024K, 164 young (167936K), 12 survivors (12288K)
 Metaspace       used 151161K, committed 153600K, reserved 1245184K
  class space    used 20911K, committed 22144K, reserved 1048576K
}
Event: 458.007 GC heap after
{Heap after GC invocations=62 (full 0):
 garbage-first heap   total 348160K, used 157192K [0x0000000080000000, 0x0000000100000000)
  region size 1024K, 11 young (11264K), 11 survivors (11264K)
 Metaspace       used 151161K, committed 153600K, reserved 1245184K
  class space    used 20911K, committed 22144K, reserved 1048576K
}
Event: 674.434 GC heap before
{Heap before GC invocations=62 (full 0):
 garbage-first heap   total 348160K, used 318984K [0x0000000080000000, 0x0000000100000000)
  region size 1024K, 169 young (173056K), 11 survivors (11264K)
 Metaspace       used 151630K, committed 154112K, reserved 1245184K
  class space    used 20919K, committed 22144K, reserved 1048576K
}
Event: 674.691 GC heap after
{Heap after GC invocations=63 (full 0):
 garbage-first heap   total 348160K, used 154544K [0x0000000080000000, 0x0000000100000000)
  region size 1024K, 8 young (8192K), 8 survivors (8192K)
 Metaspace       used 151630K, committed 154112K, reserved 1245184K
  class space    used 20919K, committed 22144K, reserved 1048576K
}
Event: 677.329 GC heap before
{Heap before GC invocations=63 (full 0):
 garbage-first heap   total 348160K, used 186288K [0x0000000080000000, 0x0000000100000000)
  region size 1024K, 43 young (44032K), 8 survivors (8192K)
 Metaspace       used 151659K, committed 154112K, reserved 1245184K
  class space    used 20919K, committed 22144K, reserved 1048576K
}
Event: 677.387 GC heap after
{Heap after GC invocations=64 (full 0):
 garbage-first heap   total 348160K, used 153697K [0x0000000080000000, 0x0000000100000000)
  region size 1024K, 6 young (6144K), 6 survivors (6144K)
 Metaspace       used 151659K, committed 154112K, reserved 1245184K
  class space    used 20919K, committed 22144K, reserved 1048576K
}
Event: 678.255 GC heap before
{Heap before GC invocations=65 (full 0):
 garbage-first heap   total 348160K, used 181345K [0x0000000080000000, 0x0000000100000000)
  region size 1024K, 33 young (33792K), 6 survivors (6144K)
 Metaspace       used 151773K, committed 154240K, reserved 1245184K
  class space    used 20923K, committed 22144K, reserved 1048576K
}
Event: 678.290 GC heap after
{Heap after GC invocations=66 (full 0):
 garbage-first heap   total 348160K, used 159253K [0x0000000080000000, 0x0000000100000000)
  region size 1024K, 5 young (5120K), 5 survivors (5120K)
 Metaspace       used 151773K, committed 154240K, reserved 1245184K
  class space    used 20923K, committed 22144K, reserved 1048576K
}
Event: 736.740 GC heap before
{Heap before GC invocations=66 (full 0):
 garbage-first heap   total 348160K, used 296469K [0x0000000080000000, 0x0000000100000000)
  region size 1024K, 140 young (143360K), 5 survivors (5120K)
 Metaspace       used 152260K, committed 154688K, reserved 1245184K
  class space    used 20929K, committed 22144K, reserved 1048576K
}
Event: 738.674 GC heap after
{Heap after GC invocations=67 (full 0):
 garbage-first heap   total 348160K, used 168725K [0x0000000080000000, 0x0000000100000000)
  region size 1024K, 17 young (17408K), 17 survivors (17408K)
 Metaspace       used 152260K, committed 154688K, reserved 1245184K
  class space    used 20929K, committed 22144K, reserved 1048576K
}
Event: 738.691 GC heap before
{Heap before GC invocations=67 (full 0):
 garbage-first heap   total 348160K, used 169749K [0x0000000080000000, 0x0000000100000000)
  region size 1024K, 18 young (18432K), 17 survivors (17408K)
 Metaspace       used 152260K, committed 154688K, reserved 1245184K
  class space    used 20929K, committed 22144K, reserved 1048576K
}
Event: 739.170 GC heap after
{Heap after GC invocations=68 (full 0):
 garbage-first heap   total 348160K, used 169944K [0x0000000080000000, 0x0000000100000000)
  region size 1024K, 2 young (2048K), 2 survivors (2048K)
 Metaspace       used 152260K, committed 154688K, reserved 1245184K
  class space    used 20929K, committed 22144K, reserved 1048576K
}
Event: 741.839 GC heap before
{Heap before GC invocations=68 (full 0):
 garbage-first heap   total 348160K, used 184280K [0x0000000080000000, 0x0000000100000000)
  region size 1024K, 17 young (17408K), 2 survivors (2048K)
 Metaspace       used 152403K, committed 154880K, reserved 1245184K
  class space    used 20935K, committed 22144K, reserved 1048576K
}

