# JRE version: OpenJDK Runtime Environment (21.0.3) (build 21.0.3+-12282718-b509.11)
# Java VM: OpenJDK 64-Bit Server VM (21.0.3+-12282718-b509.11, mixed mode, tiered, compressed oops, compressed class ptrs, g1 gc, windows-amd64)
GC Precious Log:
 CardTable entry size: 512
 Card Set container configuration: InlinePtr #cards 5 size 8 Array Of Cards #cards 12 size 40 Howl #buckets 4 coarsen threshold 1843 Howl Bitmap #cards 512 size 80 coarsen threshold 460 Card regions per heap region 1 cards per card region 2048
 CPUs: 12 total, 12 available
 Memory: 7916M
 Large Page Support: Disabled
 NUMA Support: Disabled
 Compressed Oops: Enabled (32-bit)
 Heap Region Size: 1M
 Heap Min Capacity: 8M
 Heap Initial Capacity: 124M
 Heap Max Capacity: 1980M
 Pre-touch: Disabled
 Parallel Workers: 10
 Concurrent Workers: 3
 Concurrent Refinement Workers: 10
 Periodic GC: Disabled
Heap:
 garbage-first heap   total 135168K, used 78101K [0x0000000084400000, 0x0000000100000000)
  region size 1024K, 7 young (7168K), 5 survivors (5120K)
 Metaspace       used 65828K, committed 66688K, reserved 1114112K
  class space    used 7537K, committed 7936K, reserved 1048576K
GC Heap History (20 events):
Event: 4.258 GC heap before
{Heap before GC invocations=11 (full 0):
 garbage-first heap   total 63488K, used 54670K [0x0000000084400000, 0x0000000100000000)
  region size 1024K, 29 young (29696K), 4 survivors (4096K)
 Metaspace       used 45174K, committed 45952K, reserved 1114112K
  class space    used 5490K, committed 5888K, reserved 1048576K
}
Event: 4.268 GC heap after
{Heap after GC invocations=12 (full 0):
 garbage-first heap   total 63488K, used 32720K [0x0000000084400000, 0x0000000100000000)
  region size 1024K, 4 young (4096K), 4 survivors (4096K)
 Metaspace       used 45174K, committed 45952K, reserved 1114112K
  class space    used 5490K, committed 5888K, reserved 1048576K
}
Event: 4.415 GC heap before
{Heap before GC invocations=12 (full 0):
 garbage-first heap   total 63488K, used 40912K [0x0000000084400000, 0x0000000100000000)
  region size 1024K, 14 young (14336K), 4 survivors (4096K)
 Metaspace       used 46046K, committed 46784K, reserved 1114112K
  class space    used 5585K, committed 5952K, reserved 1048576K
}
Event: 4.425 GC heap after
{Heap after GC invocations=13 (full 0):
 garbage-first heap   total 76800K, used 34991K [0x0000000084400000, 0x0000000100000000)
  region size 1024K, 2 young (2048K), 2 survivors (2048K)
 Metaspace       used 46046K, committed 46784K, reserved 1114112K
  class space    used 5585K, committed 5952K, reserved 1048576K
}
Event: 4.655 GC heap before
{Heap before GC invocations=13 (full 0):
 garbage-first heap   total 76800K, used 67759K [0x0000000084400000, 0x0000000100000000)
  region size 1024K, 32 young (32768K), 2 survivors (2048K)
 Metaspace       used 46158K, committed 46912K, reserved 1114112K
  class space    used 5585K, committed 5952K, reserved 1048576K
}
Event: 4.660 GC heap after
{Heap after GC invocations=14 (full 0):
 garbage-first heap   total 76800K, used 39806K [0x0000000084400000, 0x0000000100000000)
  region size 1024K, 4 young (4096K), 4 survivors (4096K)
 Metaspace       used 46158K, committed 46912K, reserved 1114112K
  class space    used 5585K, committed 5952K, reserved 1048576K
}
Event: 4.834 GC heap before
{Heap before GC invocations=14 (full 0):
 garbage-first heap   total 76800K, used 67454K [0x0000000084400000, 0x0000000100000000)
  region size 1024K, 31 young (31744K), 4 survivors (4096K)
 Metaspace       used 46231K, committed 46976K, reserved 1114112K
  class space    used 5585K, committed 5952K, reserved 1048576K
}
Event: 4.843 GC heap after
{Heap after GC invocations=15 (full 0):
 garbage-first heap   total 76800K, used 42840K [0x0000000084400000, 0x0000000100000000)
  region size 1024K, 3 young (3072K), 3 survivors (3072K)
 Metaspace       used 46231K, committed 46976K, reserved 1114112K
  class space    used 5585K, committed 5952K, reserved 1048576K
}
Event: 4.930 GC heap before
{Heap before GC invocations=16 (full 0):
 garbage-first heap   total 80896K, used 67416K [0x0000000084400000, 0x0000000100000000)
  region size 1024K, 27 young (27648K), 3 survivors (3072K)
 Metaspace       used 46323K, committed 47104K, reserved 1114112K
  class space    used 5585K, committed 5952K, reserved 1048576K
}
Event: 4.938 GC heap after
{Heap after GC invocations=17 (full 0):
 garbage-first heap   total 80896K, used 45913K [0x0000000084400000, 0x0000000100000000)
  region size 1024K, 3 young (3072K), 3 survivors (3072K)
 Metaspace       used 46323K, committed 47104K, reserved 1114112K
  class space    used 5585K, committed 5952K, reserved 1048576K
}
Event: 5.084 GC heap before
{Heap before GC invocations=17 (full 0):
 garbage-first heap   total 80896K, used 72537K [0x0000000084400000, 0x0000000100000000)
  region size 1024K, 29 young (29696K), 3 survivors (3072K)
 Metaspace       used 46343K, committed 47104K, reserved 1114112K
  class space    used 5596K, committed 5952K, reserved 1048576K
}
Event: 5.094 GC heap after
{Heap after GC invocations=18 (full 0):
 garbage-first heap   total 135168K, used 49365K [0x0000000084400000, 0x0000000100000000)
  region size 1024K, 4 young (4096K), 4 survivors (4096K)
 Metaspace       used 46343K, committed 47104K, reserved 1114112K
  class space    used 5596K, committed 5952K, reserved 1048576K
}
Event: 5.922 GC heap before
{Heap before GC invocations=18 (full 0):
 garbage-first heap   total 135168K, used 108757K [0x0000000084400000, 0x0000000100000000)
  region size 1024K, 62 young (63488K), 4 survivors (4096K)
 Metaspace       used 48845K, committed 49600K, reserved 1114112K
  class space    used 5863K, committed 6208K, reserved 1048576K
}
Event: 5.934 GC heap after
{Heap after GC invocations=19 (full 0):
 garbage-first heap   total 135168K, used 56272K [0x0000000084400000, 0x0000000100000000)
  region size 1024K, 8 young (8192K), 8 survivors (8192K)
 Metaspace       used 48845K, committed 49600K, reserved 1114112K
  class space    used 5863K, committed 6208K, reserved 1048576K
}
Event: 7.722 GC heap before
{Heap before GC invocations=19 (full 0):
 garbage-first heap   total 135168K, used 113616K [0x0000000084400000, 0x0000000100000000)
  region size 1024K, 64 young (65536K), 8 survivors (8192K)
 Metaspace       used 52183K, committed 52928K, reserved 1114112K
  class space    used 6140K, committed 6464K, reserved 1048576K
}
Event: 7.741 GC heap after
{Heap after GC invocations=20 (full 0):
 garbage-first heap   total 135168K, used 65196K [0x0000000084400000, 0x0000000100000000)
  region size 1024K, 8 young (8192K), 8 survivors (8192K)
 Metaspace       used 52183K, committed 52928K, reserved 1114112K
  class space    used 6140K, committed 6464K, reserved 1048576K
}
Event: 8.973 GC heap before
{Heap before GC invocations=20 (full 0):
 garbage-first heap   total 135168K, used 113324K [0x0000000084400000, 0x0000000100000000)
  region size 1024K, 55 young (56320K), 8 survivors (8192K)
 Metaspace       used 57423K, committed 58240K, reserved 1114112K
  class space    used 6729K, committed 7104K, reserved 1048576K
}
Event: 8.993 GC heap after
{Heap after GC invocations=21 (full 0):
 garbage-first heap   total 135168K, used 72656K [0x0000000084400000, 0x0000000100000000)
  region size 1024K, 7 young (7168K), 7 survivors (7168K)
 Metaspace       used 57423K, committed 58240K, reserved 1114112K
  class space    used 6729K, committed 7104K, reserved 1048576K
}
Event: 10.014 GC heap before
{Heap before GC invocations=21 (full 0):
 garbage-first heap   total 135168K, used 116688K [0x0000000084400000, 0x0000000100000000)
  region size 1024K, 50 young (51200K), 7 survivors (7168K)
 Metaspace       used 65564K, committed 66368K, reserved 1114112K
  class space    used 7523K, committed 7872K, reserved 1048576K
}
Event: 10.030 GC heap after
{Heap after GC invocations=22 (full 0):
 garbage-first heap   total 135168K, used 77077K [0x0000000084400000, 0x0000000100000000)
  region size 1024K, 5 young (5120K), 5 survivors (5120K)
 Metaspace       used 65564K, committed 66368K, reserved 1114112K
  class space    used 7523K, committed 7872K, reserved 1048576K
}

