# JRE version: OpenJDK Runtime Environment (21.0.3) (build 21.0.3+-12282718-b509.11)
# Java VM: OpenJDK 64-Bit Server VM (21.0.3+-12282718-b509.11, mixed mode, tiered, compressed oops, compressed class ptrs, g1 gc, windows-amd64)
GC Precious Log:
 CardTable entry size: 512
 Card Set container configuration: InlinePtr #cards 5 size 8 Array Of Cards #cards 12 size 40 Howl #buckets 4 coarsen threshold 1843 Howl Bitmap #cards 512 size 80 coarsen threshold 460 Card regions per heap region 1 cards per card region 2048
 CPUs: 12 total, 12 available
 Memory: 7916M
 Large Page Support: Disabled
 NUMA Support: Disabled
 Compressed Oops: Enabled (32-bit)
 Heap Region Size: 1M
 Heap Min Capacity: 8M
 Heap Initial Capacity: 124M
 Heap Max Capacity: 1980M
 Pre-touch: Disabled
 Parallel Workers: 10
 Concurrent Workers: 3
 Concurrent Refinement Workers: 10
 Periodic GC: Disabled
Heap:
 garbage-first heap   total 130048K, used 79261K [0x0000000084400000, 0x0000000100000000)
  region size 1024K, 4 young (4096K), 4 survivors (4096K)
 Metaspace       used 70631K, committed 71424K, reserved 1114112K
  class space    used 7969K, committed 8320K, reserved 1048576K
GC Heap History (20 events):
Event: 4.726 GC heap after
{Heap after GC invocations=14 (full 0):
 garbage-first heap   total 77824K, used 40035K [0x0000000084400000, 0x0000000100000000)
  region size 1024K, 3 young (3072K), 3 survivors (3072K)
 Metaspace       used 46215K, committed 46976K, reserved 1114112K
  class space    used 5586K, committed 5952K, reserved 1048576K
}
Event: 4.912 GC heap before
{Heap before GC invocations=14 (full 0):
 garbage-first heap   total 77824K, used 66659K [0x0000000084400000, 0x0000000100000000)
  region size 1024K, 29 young (29696K), 3 survivors (3072K)
 Metaspace       used 46275K, committed 47040K, reserved 1114112K
  class space    used 5586K, committed 5952K, reserved 1048576K
}
Event: 4.921 GC heap after
{Heap after GC invocations=15 (full 0):
 garbage-first heap   total 77824K, used 42719K [0x0000000084400000, 0x0000000100000000)
  region size 1024K, 3 young (3072K), 3 survivors (3072K)
 Metaspace       used 46275K, committed 47040K, reserved 1114112K
  class space    used 5586K, committed 5952K, reserved 1048576K
}
Event: 5.026 GC heap before
{Heap before GC invocations=16 (full 0):
 garbage-first heap   total 80896K, used 67295K [0x0000000084400000, 0x0000000100000000)
  region size 1024K, 27 young (27648K), 3 survivors (3072K)
 Metaspace       used 46339K, committed 47104K, reserved 1114112K
  class space    used 5586K, committed 5952K, reserved 1048576K
}
Event: 5.032 GC heap after
{Heap after GC invocations=17 (full 0):
 garbage-first heap   total 80896K, used 45441K [0x0000000084400000, 0x0000000100000000)
  region size 1024K, 3 young (3072K), 3 survivors (3072K)
 Metaspace       used 46339K, committed 47104K, reserved 1114112K
  class space    used 5586K, committed 5952K, reserved 1048576K
}
Event: 5.177 GC heap before
{Heap before GC invocations=17 (full 0):
 garbage-first heap   total 80896K, used 71041K [0x0000000084400000, 0x0000000100000000)
  region size 1024K, 28 young (28672K), 3 survivors (3072K)
 Metaspace       used 46364K, committed 47104K, reserved 1114112K
  class space    used 5597K, committed 5952K, reserved 1048576K
}
Event: 5.189 GC heap after
{Heap after GC invocations=18 (full 0):
 garbage-first heap   total 110592K, used 49300K [0x0000000084400000, 0x0000000100000000)
  region size 1024K, 4 young (4096K), 4 survivors (4096K)
 Metaspace       used 46364K, committed 47104K, reserved 1114112K
  class space    used 5597K, committed 5952K, reserved 1048576K
}
Event: 5.613 GC heap before
{Heap before GC invocations=18 (full 0):
 garbage-first heap   total 110592K, used 92308K [0x0000000084400000, 0x0000000100000000)
  region size 1024K, 46 young (47104K), 4 survivors (4096K)
 Metaspace       used 47937K, committed 48704K, reserved 1114112K
  class space    used 5749K, committed 6144K, reserved 1048576K
}
Event: 5.626 GC heap after
{Heap after GC invocations=19 (full 0):
 garbage-first heap   total 110592K, used 52647K [0x0000000084400000, 0x0000000100000000)
  region size 1024K, 3 young (3072K), 3 survivors (3072K)
 Metaspace       used 47937K, committed 48704K, reserved 1114112K
  class space    used 5749K, committed 6144K, reserved 1048576K
}
Event: 6.696 GC heap before
{Heap before GC invocations=19 (full 0):
 garbage-first heap   total 110592K, used 95655K [0x0000000084400000, 0x0000000100000000)
  region size 1024K, 45 young (46080K), 3 survivors (3072K)
 Metaspace       used 50080K, committed 50816K, reserved 1114112K
  class space    used 5991K, committed 6336K, reserved 1048576K
}
Event: 6.726 GC heap after
{Heap after GC invocations=20 (full 0):
 garbage-first heap   total 110592K, used 59815K [0x0000000084400000, 0x0000000100000000)
  region size 1024K, 6 young (6144K), 6 survivors (6144K)
 Metaspace       used 50080K, committed 50816K, reserved 1114112K
  class space    used 5991K, committed 6336K, reserved 1048576K
}
Event: 8.867 GC heap before
{Heap before GC invocations=21 (full 0):
 garbage-first heap   total 110592K, used 94631K [0x0000000084400000, 0x0000000100000000)
  region size 1024K, 40 young (40960K), 6 survivors (6144K)
 Metaspace       used 52187K, committed 52992K, reserved 1114112K
  class space    used 6141K, committed 6528K, reserved 1048576K
}
Event: 8.887 GC heap after
{Heap after GC invocations=22 (full 0):
 garbage-first heap   total 110592K, used 66471K [0x0000000084400000, 0x0000000100000000)
  region size 1024K, 5 young (5120K), 5 survivors (5120K)
 Metaspace       used 52187K, committed 52992K, reserved 1114112K
  class space    used 6141K, committed 6528K, reserved 1048576K
}
Event: 9.582 GC heap before
{Heap before GC invocations=22 (full 0):
 garbage-first heap   total 110592K, used 97191K [0x0000000084400000, 0x0000000100000000)
  region size 1024K, 35 young (35840K), 5 survivors (5120K)
 Metaspace       used 55495K, committed 56256K, reserved 1114112K
  class space    used 6549K, committed 6912K, reserved 1048576K
}
Event: 9.600 GC heap after
{Heap after GC invocations=23 (full 0):
 garbage-first heap   total 110592K, used 69543K [0x0000000084400000, 0x0000000100000000)
  region size 1024K, 4 young (4096K), 4 survivors (4096K)
 Metaspace       used 55495K, committed 56256K, reserved 1114112K
  class space    used 6549K, committed 6912K, reserved 1048576K
}
Event: 11.865 GC heap before
{Heap before GC invocations=23 (full 0):
 garbage-first heap   total 110592K, used 98215K [0x0000000084400000, 0x0000000100000000)
  region size 1024K, 32 young (32768K), 4 survivors (4096K)
 Metaspace       used 59649K, committed 60352K, reserved 1114112K
  class space    used 6964K, committed 7296K, reserved 1048576K
}
Event: 11.896 GC heap after
{Heap after GC invocations=24 (full 0):
 garbage-first heap   total 110592K, used 72497K [0x0000000084400000, 0x0000000100000000)
  region size 1024K, 4 young (4096K), 4 survivors (4096K)
 Metaspace       used 59649K, committed 60352K, reserved 1114112K
  class space    used 6964K, committed 7296K, reserved 1048576K
}
Event: 13.118 GC heap before
{Heap before GC invocations=25 (full 0):
 garbage-first heap   total 126976K, used 98097K [0x0000000084400000, 0x0000000100000000)
  region size 1024K, 29 young (29696K), 4 survivors (4096K)
 Metaspace       used 63672K, committed 64512K, reserved 1114112K
  class space    used 7352K, committed 7744K, reserved 1048576K
}
Event: 13.143 GC heap after
{Heap after GC invocations=26 (full 0):
 garbage-first heap   total 126976K, used 76199K [0x0000000084400000, 0x0000000100000000)
  region size 1024K, 4 young (4096K), 4 survivors (4096K)
 Metaspace       used 63672K, committed 64512K, reserved 1114112K
  class space    used 7352K, committed 7744K, reserved 1048576K
}
Event: 14.633 GC heap before
{Heap before GC invocations=26 (full 0):
 garbage-first heap   total 126976K, used 112039K [0x0000000084400000, 0x0000000100000000)
  region size 1024K, 40 young (40960K), 4 survivors (4096K)
 Metaspace       used 70631K, committed 71424K, reserved 1114112K
  class space    used 7969K, committed 8320K, reserved 1048576K
}

