# JRE version: OpenJDK Runtime Environment Temurin-17.0.14+7 (17.0.14+7) (build 17.0.14+7)
# Java VM: OpenJDK 64-Bit Server VM Temurin-17.0.14+7 (17.0.14+7, mixed mode, sharing, tiered, compressed oops, compressed class ptrs, g1 gc, windows-amd64)
GC Precious Log:
 CPUs: 12 total, 12 available
 Memory: 7916M
 Large Page Support: Disabled
 NUMA Support: Disabled
 Compressed Oops: Enabled (32-bit)
 Heap Region Size: 1M
 Heap Min Capacity: 8M
 Heap Initial Capacity: 124M
 Heap Max Capacity: 2G
 Pre-touch: Disabled
 Parallel Workers: 10
 Concurrent Workers: 3
 Concurrent Refinement Workers: 10
 Periodic GC: Disabled
Heap:
 garbage-first heap   total 188416K, used 147265K [0x0000000080000000, 0x0000000100000000)
  region size 1024K, 57 young (58368K), 9 survivors (9216K)
 Metaspace       used 108119K, committed 108800K, reserved 1179648K
  class space    used 13883K, committed 14208K, reserved 1048576K
GC Heap History (20 events):
Event: 10.639 GC heap before
{Heap before GC invocations=15 (full 0):
 garbage-first heap   total 116736K, used 95074K [0x0000000080000000, 0x0000000100000000)
  region size 1024K, 48 young (49152K), 7 survivors (7168K)
 Metaspace       used 58239K, committed 58752K, reserved 1114112K
  class space    used 8137K, committed 8384K, reserved 1048576K
}
Event: 10.649 GC heap after
{Heap after GC invocations=16 (full 0):
 garbage-first heap   total 116736K, used 56954K [0x0000000080000000, 0x0000000100000000)
  region size 1024K, 4 young (4096K), 4 survivors (4096K)
 Metaspace       used 58239K, committed 58752K, reserved 1114112K
  class space    used 8137K, committed 8384K, reserved 1048576K
}
Event: 10.861 GC heap before
{Heap before GC invocations=16 (full 0):
 garbage-first heap   total 116736K, used 69242K [0x0000000080000000, 0x0000000100000000)
  region size 1024K, 17 young (17408K), 4 survivors (4096K)
 Metaspace       used 59660K, committed 60160K, reserved 1114112K
  class space    used 8262K, committed 8512K, reserved 1048576K
}
Event: 10.865 GC heap after
{Heap after GC invocations=17 (full 0):
 garbage-first heap   total 188416K, used 57621K [0x0000000080000000, 0x0000000100000000)
  region size 1024K, 2 young (2048K), 2 survivors (2048K)
 Metaspace       used 59660K, committed 60160K, reserved 1114112K
  class space    used 8262K, committed 8512K, reserved 1048576K
}
Event: 12.178 GC heap before
{Heap before GC invocations=18 (full 0):
 garbage-first heap   total 188416K, used 140565K [0x0000000080000000, 0x0000000100000000)
  region size 1024K, 83 young (84992K), 2 survivors (2048K)
 Metaspace       used 69724K, committed 70336K, reserved 1114112K
  class space    used 9418K, committed 9728K, reserved 1048576K
}
Event: 12.184 GC heap after
{Heap after GC invocations=19 (full 0):
 garbage-first heap   total 188416K, used 61553K [0x0000000080000000, 0x0000000100000000)
  region size 1024K, 5 young (5120K), 5 survivors (5120K)
 Metaspace       used 69724K, committed 70336K, reserved 1114112K
  class space    used 9418K, committed 9728K, reserved 1048576K
}
Event: 13.372 GC heap before
{Heap before GC invocations=19 (full 0):
 garbage-first heap   total 188416K, used 145521K [0x0000000080000000, 0x0000000100000000)
  region size 1024K, 86 young (88064K), 5 survivors (5120K)
 Metaspace       used 73784K, committed 74368K, reserved 1114112K
  class space    used 9856K, committed 10112K, reserved 1048576K
}
Event: 13.381 GC heap after
{Heap after GC invocations=20 (full 0):
 garbage-first heap   total 188416K, used 67792K [0x0000000080000000, 0x0000000100000000)
  region size 1024K, 11 young (11264K), 11 survivors (11264K)
 Metaspace       used 73784K, committed 74368K, reserved 1114112K
  class space    used 9856K, committed 10112K, reserved 1048576K
}
Event: 14.656 GC heap before
{Heap before GC invocations=20 (full 0):
 garbage-first heap   total 188416K, used 146640K [0x0000000080000000, 0x0000000100000000)
  region size 1024K, 88 young (90112K), 11 survivors (11264K)
 Metaspace       used 83035K, committed 83584K, reserved 1179648K
  class space    used 10852K, committed 11136K, reserved 1048576K
}
Event: 14.671 GC heap after
{Heap after GC invocations=21 (full 0):
 garbage-first heap   total 188416K, used 71976K [0x0000000080000000, 0x0000000100000000)
  region size 1024K, 5 young (5120K), 5 survivors (5120K)
 Metaspace       used 83035K, committed 83584K, reserved 1179648K
  class space    used 10852K, committed 11136K, reserved 1048576K
}
Event: 15.874 GC heap before
{Heap before GC invocations=21 (full 0):
 garbage-first heap   total 188416K, used 149800K [0x0000000080000000, 0x0000000100000000)
  region size 1024K, 81 young (82944K), 5 survivors (5120K)
 Metaspace       used 94025K, committed 94592K, reserved 1179648K
  class space    used 12056K, committed 12352K, reserved 1048576K
}
Event: 15.880 GC heap after
{Heap after GC invocations=22 (full 0):
 garbage-first heap   total 188416K, used 73060K [0x0000000080000000, 0x0000000100000000)
  region size 1024K, 6 young (6144K), 6 survivors (6144K)
 Metaspace       used 94025K, committed 94592K, reserved 1179648K
  class space    used 12056K, committed 12352K, reserved 1048576K
}
Event: 16.519 GC heap before
{Heap before GC invocations=22 (full 0):
 garbage-first heap   total 188416K, used 152932K [0x0000000080000000, 0x0000000100000000)
  region size 1024K, 83 young (84992K), 6 survivors (6144K)
 Metaspace       used 96003K, committed 96640K, reserved 1179648K
  class space    used 12330K, committed 12608K, reserved 1048576K
}
Event: 16.530 GC heap after
{Heap after GC invocations=23 (full 0):
 garbage-first heap   total 188416K, used 80592K [0x0000000080000000, 0x0000000100000000)
  region size 1024K, 11 young (11264K), 11 survivors (11264K)
 Metaspace       used 96003K, committed 96640K, reserved 1179648K
  class space    used 12330K, committed 12608K, reserved 1048576K
}
Event: 17.522 GC heap before
{Heap before GC invocations=23 (full 0):
 garbage-first heap   total 188416K, used 125648K [0x0000000080000000, 0x0000000100000000)
  region size 1024K, 56 young (57344K), 11 survivors (11264K)
 Metaspace       used 100122K, committed 100736K, reserved 1179648K
  class space    used 12895K, committed 13184K, reserved 1048576K
}
Event: 17.535 GC heap after
{Heap after GC invocations=24 (full 0):
 garbage-first heap   total 188416K, used 85241K [0x0000000080000000, 0x0000000100000000)
  region size 1024K, 5 young (5120K), 5 survivors (5120K)
 Metaspace       used 100122K, committed 100736K, reserved 1179648K
  class space    used 12895K, committed 13184K, reserved 1048576K
}
Event: 18.382 GC heap before
{Heap before GC invocations=25 (full 0):
 garbage-first heap   total 188416K, used 150777K [0x0000000080000000, 0x0000000100000000)
  region size 1024K, 68 young (69632K), 5 survivors (5120K)
 Metaspace       used 102895K, committed 103488K, reserved 1179648K
  class space    used 13369K, committed 13632K, reserved 1048576K
}
Event: 18.392 GC heap after
{Heap after GC invocations=26 (full 0):
 garbage-first heap   total 188416K, used 91279K [0x0000000080000000, 0x0000000100000000)
  region size 1024K, 9 young (9216K), 9 survivors (9216K)
 Metaspace       used 102895K, committed 103488K, reserved 1179648K
  class space    used 13369K, committed 13632K, reserved 1048576K
}
Event: 19.174 GC heap before
{Heap before GC invocations=26 (full 0):
 garbage-first heap   total 188416K, used 150671K [0x0000000080000000, 0x0000000100000000)
  region size 1024K, 67 young (68608K), 9 survivors (9216K)
 Metaspace       used 104812K, committed 105472K, reserved 1179648K
  class space    used 13487K, committed 13760K, reserved 1048576K
}
Event: 19.188 GC heap after
{Heap after GC invocations=27 (full 0):
 garbage-first heap   total 188416K, used 100161K [0x0000000080000000, 0x0000000100000000)
  region size 1024K, 9 young (9216K), 9 survivors (9216K)
 Metaspace       used 104812K, committed 105472K, reserved 1179648K
  class space    used 13487K, committed 13760K, reserved 1048576K
}

